#
# There is insufficient memory for the Java Runtime Environment to continue.
# Native memory allocation (mmap) failed to map 134217728 bytes for Failed to commit area from 0x0000000081e00000 to 0x0000000089e00000 of length 134217728.
# Possible reasons:
#   The system is out of physical RAM or swap space
#   The process is running with CompressedOops enabled, and the Java Heap may be blocking the growth of the native heap
# Possible solutions:
#   Reduce memory load on the system
#   Increase physical memory or swap space
#   Check if swap backing store is full
#   Decrease Java heap size (-Xmx/-Xms)
#   Decrease number of Java threads
#   Decrease Java thread stack sizes (-Xss)
#   Set larger code cache with -XX:ReservedCodeCacheSize=
# This output file may be truncated or incomplete.
#
#  Out of Memory Error (t:/workspace/open/src/hotspot/os/windows/os_windows.cpp:3221), pid=9592, tid=19732
#
# JRE version:  (10.0.1+10) (build )
# Java VM: Java HotSpot(TM) 64-Bit Server VM (10.0.1+10, mixed mode, aot, tiered, compressed oops, g1 gc, windows-amd64)
# No core dump will be written. Minidumps are not enabled by default on client versions of Windows
#

---------------  S U M M A R Y ------------

Command Line: -Dfile.encoding=UTF-8 Test

Host: Intel(R) Core(TM) i7-7500U CPU @ 2.70GHz, 4 cores, 7G,  Windows 10 , 64 bit Build 17134 (10.0.17134.1)
Time: Mon Jul 23 18:44:39 2018 GMT (heure d?été) elapsed time: 0 seconds (0d 0h 0m 0s)

---------------  T H R E A D  ---------------

Current thread (0x0000015120ff1000):  JavaThread "Unknown thread" [_thread_in_vm, id=19732, stack(0x00000020d4300000,0x00000020d4400000)]

Stack: [0x00000020d4300000,0x00000020d4400000]
Native frames: (J=compiled Java code, j=interpreted, Vv=VM code, C=native code)
V  [jvm.dll+0x5a0369]
V  [jvm.dll+0x6bcf81]
V  [jvm.dll+0x6be176]
V  [jvm.dll+0x6be803]
V  [jvm.dll+0x234998]
V  [jvm.dll+0x59dc74]
V  [jvm.dll+0x592ab5]
V  [jvm.dll+0x2f625b]
V  [jvm.dll+0x2f61c5]
V  [jvm.dll+0x2f60a2]
V  [jvm.dll+0x2f8286]
V  [jvm.dll+0x3440d3]
V  [jvm.dll+0x3447e6]
V  [jvm.dll+0x3441d3]
V  [jvm.dll+0x2c43b8]
V  [jvm.dll+0x2c5501]
V  [jvm.dll+0x69d33b]
V  [jvm.dll+0x69eb5c]
V  [jvm.dll+0x351849]
V  [jvm.dll+0x6859c2]
V  [jvm.dll+0x3ba0a3]
V  [jvm.dll+0x3bc201]
C  [javaw.exe+0x3541]
C  [javaw.exe+0xe1cf]
C  [javaw.exe+0xe376]
C  [KERNEL32.DLL+0x13034]
C  [ntdll.dll+0x71431]


---------------  P R O C E S S  ---------------

Threads class SMR info:
_java_thread_list=0x000001511eee79f0, length=0, elements={
}

Java Threads: ( => current thread )

Other Threads:
  0x0000015121004000 GCTaskThread "GC Thread#0" [stack: 0x00000020d4400000,0x00000020d4500000] [id=26192]
  0x0000015121007800 GCTaskThread "GC Thread#1" [stack: 0x00000020d4500000,0x00000020d4600000] [id=22700]
  0x0000015121009000 GCTaskThread "GC Thread#2" [stack: 0x00000020d4600000,0x00000020d4700000] [id=6088]
  0x000001512100b800 GCTaskThread "GC Thread#3" [stack: 0x00000020d4700000,0x00000020d4800000] [id=12548]
  0x0000015121075800 ConcurrentGCThread "G1 Main Marker" [stack: 0x00000020d4800000,0x00000020d4900000] [id=18864]
  0x0000015121078800 ConcurrentGCThread "G1 Conc#0" [stack: 0x00000020d4900000,0x00000020d4a00000] [id=18804]

[error occurred during error reporting (printing all threads), id 0xe0000002]

VM state:not at safepoint (not fully initialized)

VM Mutex/Monitor currently owned by a thread:  ([mutex/lock_event])
[0x0000015120fef9b0] Heap_lock - owner thread: 0x0000015120ff1000

Heap address: 0x0000000081e00000, size: 2018 MB, Compressed Oops mode: Non-zero based: 0x0000000081e00000
Narrow klass base: 0x0000000000000000, Narrow klass shift: 0

GC Heap History (0 events):
No events

Deoptimization events (0 events):
No events

Classes redefined (0 events):
No events

Internal exceptions (0 events):
No events

Events (0 events):
No events


Dynamic libraries:
0x00007ff60c740000 - 0x00007ff60c77e000 	C:\Program Files\Java\jre-10.0.1\bin\javaw.exe
0x00007ffb26b80000 - 0x00007ffb26d61000 	C:\WINDOWS\SYSTEM32\ntdll.dll
0x00007ffb24c40000 - 0x00007ffb24cf2000 	C:\WINDOWS\System32\KERNEL32.DLL
0x00007ffb23340000 - 0x00007ffb235b3000 	C:\WINDOWS\System32\KERNELBASE.dll
0x00007ffb24040000 - 0x00007ffb240e1000 	C:\WINDOWS\System32\ADVAPI32.dll
0x00007ffb24780000 - 0x00007ffb2481e000 	C:\WINDOWS\System32\msvcrt.dll
0x00007ffb26af0000 - 0x00007ffb26b4b000 	C:\WINDOWS\System32\sechost.dll
0x00007ffb267e0000 - 0x00007ffb26904000 	C:\WINDOWS\System32\RPCRT4.dll
0x00007ffb262e0000 - 0x00007ffb26470000 	C:\WINDOWS\System32\USER32.dll
0x00007ffb23ff0000 - 0x00007ffb24010000 	C:\WINDOWS\System32\win32u.dll
0x00007ffb24010000 - 0x00007ffb24038000 	C:\WINDOWS\System32\GDI32.dll
0x00007ffb23e50000 - 0x00007ffb23fe2000 	C:\WINDOWS\System32\gdi32full.dll
0x00007ffb22f50000 - 0x00007ffb22fef000 	C:\WINDOWS\System32\msvcp_win.dll
0x00007ffb23240000 - 0x00007ffb2333a000 	C:\WINDOWS\System32\ucrtbase.dll
0x00007ffb0f070000 - 0x00007ffb0f2d9000 	C:\WINDOWS\WinSxS\amd64_microsoft.windows.common-controls_6595b64144ccf1df_6.0.17134.165_none_fb429645306569ac\COMCTL32.dll
0x00007ffb24880000 - 0x00007ffb24ba3000 	C:\WINDOWS\System32\combase.dll
0x00007ffb236c0000 - 0x00007ffb2373a000 	C:\WINDOWS\System32\bcryptPrimitives.dll
0x00007ffb11f90000 - 0x00007ffb11f9a000 	C:\WINDOWS\SYSTEM32\VERSION.dll
0x00007ffb26580000 - 0x00007ffb265ad000 	C:\WINDOWS\System32\IMM32.DLL
0x00007ffae7ab0000 - 0x00007ffae7b9f000 	C:\Program Files\Java\jre-10.0.1\bin\msvcr120.dll
0x00007ffb0a740000 - 0x00007ffb0a7e6000 	C:\Program Files\Java\jre-10.0.1\bin\msvcp120.dll
0x00000000592b0000 - 0x0000000059d20000 	C:\Program Files\Java\jre-10.0.1\bin\server\jvm.dll
0x00007ffb265b0000 - 0x00007ffb265b8000 	C:\WINDOWS\System32\PSAPI.DLL
0x00007ffb12390000 - 0x00007ffb12399000 	C:\WINDOWS\SYSTEM32\WSOCK32.dll
0x00007ffb26510000 - 0x00007ffb2657c000 	C:\WINDOWS\System32\WS2_32.dll
0x00007ffb1e510000 - 0x00007ffb1e533000 	C:\WINDOWS\SYSTEM32\WINMM.dll
0x00007ffb1e4e0000 - 0x00007ffb1e50a000 	C:\WINDOWS\SYSTEM32\WINMMBASE.dll
0x00007ffb23670000 - 0x00007ffb236b9000 	C:\WINDOWS\System32\cfgmgr32.dll
0x00007ffb1e690000 - 0x00007ffb1e69f000 	C:\Program Files\Java\jre-10.0.1\bin\verify.dll
0x00007ffb21760000 - 0x00007ffb21929000 	C:\WINDOWS\SYSTEM32\DBGHELP.DLL
0x00007ffb0eb30000 - 0x00007ffb0eb59000 	C:\WINDOWS\SYSTEM32\dbgcore.DLL
0x00007ffb17200000 - 0x00007ffb17227000 	C:\Program Files\Java\jre-10.0.1\bin\java.dll
0x00007ffb1d890000 - 0x00007ffb1d8a6000 	C:\Program Files\Java\jre-10.0.1\bin\zip.dll
0x00007ffb1e0f0000 - 0x00007ffb1e0fa000 	C:\Program Files\Java\jre-10.0.1\bin\jimage.dll

dbghelp: loaded successfully - version: 4.0.5 - missing functions: none
symbol engine: initialized successfully - sym options: 0x614 - pdb path: .;C:\Program Files\Java\jre-10.0.1\bin;C:\WINDOWS\SYSTEM32;C:\WINDOWS\WinSxS\amd64_microsoft.windows.common-controls_6595b64144ccf1df_6.0.17134.165_none_fb429645306569ac;C:\Program Files\Java\jre-10.0.1\bin\server

VM Arguments:
jvm_args: -Dfile.encoding=UTF-8 
java_command: Test
java_class_path (initial): C:\Users\El-ra\eclipse-workspace\Test\bin
Launcher Type: SUN_STANDARD

Logging:
Log output configuration:
#0: stdout all=warning uptime,level,tags
#1: stderr all=off uptime,level,tags

Environment Variables:
PATH=C:\Program Files (x86)\Common Files\Oracle\Java\javapath;C:\Program Files (x86)\Intel\iCLS Client\;C:\Program Files\Intel\iCLS Client\;C:\WINDOWS\system32;C:\WINDOWS;C:\WINDOWS\System32\Wbem;C:\WINDOWS\System32\WindowsPowerShell\v1.0\;C:\Program Files (x86)\Intel\Intel(R) Management Engine Components\DAL;C:\Program Files\Intel\Intel(R) Management Engine Components\DAL;C:\Program Files (x86)\Intel\Intel(R) Management Engine Components\IPT;C:\Program Files\Intel\Intel(R) Management Engine Components\IPT;C:\Program Files\Intel\WiFi\bin\;C:\Program Files\Common Files\Intel\WirelessCommon\;C:\Program Files\Git\cmd;C:\WINDOWS\System32\OpenSSH\;C:\Users\El-ra\AppData\Local\Microsoft\WindowsApps;
USERNAME=El-ra
OS=Windows_NT
PROCESSOR_IDENTIFIER=Intel64 Family 6 Model 142 Stepping 9, GenuineIntel



---------------  S Y S T E M  ---------------

OS: Windows 10 , 64 bit Build 17134 (10.0.17134.1)

CPU:total 4 (initial active 4) (2 cores per cpu, 2 threads per core) family 6 model 142 stepping 9, cmov, cx8, fxsr, mmx, sse, sse2, sse3, ssse3, sse4.1, sse4.2, popcnt, avx, avx2, aes, clmul, erms, 3dnowpref, lzcnt, ht, tsc, tscinvbit, bmi1, bmi2, adx, fma

Memory: 4k page, physical 8264188k(1458296k free), swap 33430012k(18680k free)

vm_info: Java HotSpot(TM) 64-Bit Server VM (10.0.1+10) for windows-amd64 JRE (10.0.1+10), built on Mar 27 2018 02:27:48 by "mach5one" with MS VC++ 12.0 (VS2013)

END.
